-------------------------------------------------------------------------------
Test set: com.learning.ddd.onlinestore.order.OrderServiceTest
-------------------------------------------------------------------------------
Tests run: 2, Failures: 0, Errors: 2, Skipped: 0, Time elapsed: 4.55 s <<< FAILURE! - in com.learning.ddd.onlinestore.order.OrderServiceTest
getAllOrders  Time elapsed: 0 s  <<< ERROR!
java.lang.IllegalStateException: Failed to load ApplicationContext
Caused by: org.springframework.beans.factory.BeanCreationException: Error creating bean with name 'orderItemRepository': Invocation of init method failed; nested exception is java.lang.IllegalArgumentException: Validation failed for query for method public abstract void com.learning.ddd.onlinestore.order.domain.repository.OrderItemRepository.deleteItems(java.lang.Integer,java.lang.String,java.lang.String,java.lang.String,java.lang.Double,java.lang.Integer)!
Caused by: java.lang.IllegalArgumentException: Validation failed for query for method public abstract void com.learning.ddd.onlinestore.order.domain.repository.OrderItemRepository.deleteItems(java.lang.Integer,java.lang.String,java.lang.String,java.lang.String,java.lang.Double,java.lang.Integer)!
Caused by: java.lang.IllegalArgumentException: org.hibernate.QueryException: could not resolve property: category of: com.learning.ddd.onlinestore.order.domain.OrderItem [delete from com.learning.ddd.onlinestore.order.domain.OrderItem item where item.itemId=:itemId  OR item.category=:category OR item.subCategory=:subCategory OR item.name=:name OR item.price=:price OR item.quantity=:quantity]
Caused by: org.hibernate.QueryException: could not resolve property: category of: com.learning.ddd.onlinestore.order.domain.OrderItem [delete from com.learning.ddd.onlinestore.order.domain.OrderItem item where item.itemId=:itemId  OR item.category=:category OR item.subCategory=:subCategory OR item.name=:name OR item.price=:price OR item.quantity=:quantity]
Caused by: org.hibernate.QueryException: could not resolve property: category of: com.learning.ddd.onlinestore.order.domain.OrderItem

createOrderAndProcessPayment  Time elapsed: 0 s  <<< ERROR!
java.lang.IllegalStateException: Failed to load ApplicationContext
Caused by: org.springframework.beans.factory.BeanCreationException: Error creating bean with name 'orderItemRepository': Invocation of init method failed; nested exception is java.lang.IllegalArgumentException: Validation failed for query for method public abstract void com.learning.ddd.onlinestore.order.domain.repository.OrderItemRepository.deleteItems(java.lang.Integer,java.lang.String,java.lang.String,java.lang.String,java.lang.Double,java.lang.Integer)!
Caused by: java.lang.IllegalArgumentException: Validation failed for query for method public abstract void com.learning.ddd.onlinestore.order.domain.repository.OrderItemRepository.deleteItems(java.lang.Integer,java.lang.String,java.lang.String,java.lang.String,java.lang.Double,java.lang.Integer)!
Caused by: java.lang.IllegalArgumentException: org.hibernate.QueryException: could not resolve property: category of: com.learning.ddd.onlinestore.order.domain.OrderItem [delete from com.learning.ddd.onlinestore.order.domain.OrderItem item where item.itemId=:itemId  OR item.category=:category OR item.subCategory=:subCategory OR item.name=:name OR item.price=:price OR item.quantity=:quantity]
Caused by: org.hibernate.QueryException: could not resolve property: category of: com.learning.ddd.onlinestore.order.domain.OrderItem [delete from com.learning.ddd.onlinestore.order.domain.OrderItem item where item.itemId=:itemId  OR item.category=:category OR item.subCategory=:subCategory OR item.name=:name OR item.price=:price OR item.quantity=:quantity]
Caused by: org.hibernate.QueryException: could not resolve property: category of: com.learning.ddd.onlinestore.order.domain.OrderItem

